<?xml version="1.0" encoding="UTF-8"?>
<testsuite xmlns:xsi="http://www.w3.org/2001/XMLSchema-instance" xsi:noNamespaceSchemaLocation="https://maven.apache.org/surefire/maven-surefire-plugin/xsd/surefire-test-report.xsd" name="org.example.AppTest" time="0.068" tests="5" errors="0" skipped="0" failures="0">
  <properties>
[...]
</properties>
  <testcase name="testAdd" classname="org.example.AppTest" time="0.004"/>
  <testcase name="testAvg" classname="org.example.AppTest" time="0"/>
  <testcase name="testDiv" classname="org.example.AppTest" time="0"/>
  <testcase name="testMul" classname="org.example.AppTest" time="0"/>
  <testcase name="testSub" classname="org.example.AppTest" time="0"/>
</testsuite>